<?xml version="1.0" encoding="UTF-8"?>
<testsuite xmlns:xsi="http://www.w3.org/2001/XMLSchema-instance" xsi:noNamespaceSchemaLocation="https://maven.apache.org/surefire/maven-surefire-plugin/xsd/surefire-test-report.xsd" version="3.0.2" name="com.ondemandmonitoring.lambda.CognitoPreSignUpHandlerTest" time="1.471" tests="4" errors="0" skipped="0" failures="0">
  <properties>
[...]
</properties>
  <testcase name="ignoresNonExternalSignup" classname="com.ondemandmonitoring.lambda.CognitoPreSignUpHandlerTest" time="1.296">
    <system-out><![CDATA[PRE_SIGNUP_INVOKED triggerSource=PreSignUp_SignUp userPoolId=ap-southeast-1_pool
]]></system-out>
    <system-err><![CDATA[Mockito is currently self-attaching to enable the inline-mock-maker. This will no longer work in future releases of the JDK. Please add Mockito as an agent to your build as described in Mockito's documentation: https://javadoc.io/doc/org.mockito/mockito-core/latest/org.mockito/org/mockito/Mockito.html#0.3
WARNING: A Java agent has been loaded dynamically (C:\Users\hello\.m2\repository\net\bytebuddy\byte-buddy-agent\1.15.11\byte-buddy-agent-1.15.11.jar)
WARNING: If a serviceability tool is in use, please run with -XX:+EnableDynamicAgentLoading to hide this warning
WARNING: If a serviceability tool is not in use, please run with -Djdk.instrument.traceUsage for more information
WARNING: Dynamic loading of agents will be disallowed by default in a future release
]]></system-err>
  </testcase>
  <testcase name="linksVerifiedGoogleIdentityToExistingLocalProfile" classname="com.ondemandmonitoring.lambda.CognitoPreSignUpHandlerTest" time="0.13">
    <system-out><![CDATA[PRE_SIGNUP_INVOKED triggerSource=PreSignUp_ExternalProvider userPoolId=ap-southeast-1_pool
EXTERNAL_SIGNUP email=user@example.com provider=Google hasProviderSubject=true
LOCAL_PROFILE_FOUND destinationUsername=local-uuid
]]></system-out>
  </testcase>
  <testcase name="doesNotLinkWhenOnlyFederatedProfileExists" classname="com.ondemandmonitoring.lambda.CognitoPreSignUpHandlerTest" time="0.005">
    <system-out><![CDATA[PRE_SIGNUP_INVOKED triggerSource=PreSignUp_ExternalProvider userPoolId=ap-southeast-1_pool
EXTERNAL_SIGNUP email=user@example.com provider=Google hasProviderSubject=true
NO_LOCAL_PROFILE Cognito_will_create_social_profile
]]></system-out>
  </testcase>
  <testcase name="unverifiedExternalEmailIsNotLinked" classname="com.ondemandmonitoring.lambda.CognitoPreSignUpHandlerTest" time="0.002">
    <system-out><![CDATA[PRE_SIGNUP_INVOKED triggerSource=PreSignUp_ExternalProvider userPoolId=ap-southeast-1_pool
]]></system-out>
  </testcase>
</testsuite>